<?xml version="1.0" encoding="UTF-8"?>
<!-- Generated by org.testng.reporters.JUnitReportReporter -->
<testsuite skipped="0" hostname="Mahesh" name="com.durgasoft.selenium.ecommerce.HomePage.TC001_CustomerRegistration" tests="1" failures="0" timestamp="14 Nov 2018 02:57:14 GMT" time="35.129" errors="0">
  <testcase name="CustomerRegistration" time="35.129" classname="com.durgasoft.selenium.ecommerce.HomePage.TC001_CustomerRegistration"/>
</testsuite> <!-- com.durgasoft.selenium.ecommerce.HomePage.TC001_CustomerRegistration -->
