<?xml version="1.0" encoding="UTF-8"?>
<!-- Generated by org.testng.reporters.JUnitReportReporter -->
<testsuite skipped="0" hostname="Mahesh" name="com.durgasoft.selenium.testing.slider" tests="1" failures="0" timestamp="21 Sep 2018 17:41:35 GMT" time="0.562" errors="0">
  <testcase name="f" time="0.562" classname="com.durgasoft.selenium.testing.slider"/>
</testsuite> <!-- com.durgasoft.selenium.testing.slider -->
