<?xml version="1.0" encoding="UTF-8"?>
<!-- Generated by org.testng.reporters.JUnitReportReporter -->
<testsuite skipped="0" hostname="Mahesh" name="com.durgasoft.selenium.apachi.poi.ReadAllDataFromExcelSheet" tests="1" failures="0" timestamp="29 Sep 2018 10:08:22 GMT" time="0.735" errors="0">
  <testcase name="f" time="0.735" classname="com.durgasoft.selenium.apachi.poi.ReadAllDataFromExcelSheet"/>
</testsuite> <!-- com.durgasoft.selenium.apachi.poi.ReadAllDataFromExcelSheet -->
