<?xml version="1.0" encoding="UTF-8"?>
<!-- Generated by org.testng.reporters.JUnitReportReporter -->
<testsuite skipped="0" hostname="Mahesh" name="com.durgasoft.selenium.testing.NotificationAlerts_Chrome" tests="1" failures="0" timestamp="23 Sep 2018 09:42:14 GMT" time="0.006" errors="0">
  <testcase name="f" time="0.006" classname="com.durgasoft.selenium.testing.NotificationAlerts_Chrome"/>
</testsuite> <!-- com.durgasoft.selenium.testing.NotificationAlerts_Chrome -->
