<?xml version="1.0" encoding="UTF-8"?>
<!-- Generated by org.testng.reporters.JUnitReportReporter -->
<testsuite skipped="0" hostname="Mahesh" name="com.durgasoft.selenium.testing.dateNtimescreenshot" tests="1" failures="0" timestamp="08 Nov 2018 09:00:39 GMT" time="0.232" errors="0">
  <testcase name="f" time="0.232" classname="com.durgasoft.selenium.testing.dateNtimescreenshot"/>
</testsuite> <!-- com.durgasoft.selenium.testing.dateNtimescreenshot -->
