<?xml version="1.0" encoding="UTF-8"?>
<!-- Generated by org.testng.reporters.JUnitReportReporter -->
<testsuite skipped="0" hostname="Mahesh" name="com.durgasoft.selenium.testing.Scrolling_page" tests="1" failures="0" timestamp="25 Sep 2018 07:53:31 GMT" time="5.086" errors="0">
  <testcase name="f" time="5.086" classname="com.durgasoft.selenium.testing.Scrolling_page"/>
</testsuite> <!-- com.durgasoft.selenium.testing.Scrolling_page -->
