<?xml version="1.0" encoding="UTF-8"?>
<!-- Generated by org.testng.reporters.JUnitReportReporter -->
<testsuite skipped="0" hostname="Mahesh" name="com.durgasoft.selenium.apachi.poi.ReadDataFromExcelFile" tests="1" failures="0" timestamp="29 Sep 2018 09:25:35 GMT" time="2.062" errors="0">
  <testcase name="f" time="2.062" classname="com.durgasoft.selenium.apachi.poi.ReadDataFromExcelFile"/>
</testsuite> <!-- com.durgasoft.selenium.apachi.poi.ReadDataFromExcelFile -->
