<?xml version="1.0" encoding="UTF-8"?>
<!-- Generated by org.testng.reporters.JUnitReportReporter -->
<testsuite skipped="0" hostname="Mahesh" name="com.durgasoft.selenium.testing.Jquery_multipledd" tests="1" failures="0" timestamp="20 Oct 2018 14:33:10 GMT" time="0.912" errors="0">
  <testcase name="f" time="0.912" classname="com.durgasoft.selenium.testing.Jquery_multipledd"/>
</testsuite> <!-- com.durgasoft.selenium.testing.Jquery_multipledd -->
