<?xml version="1.0" encoding="UTF-8"?>
<!-- Generated by org.testng.reporters.JUnitReportReporter -->
<testsuite skipped="0" hostname="Mahesh" name="com.durgasoft.selenium.testing.Notification_alerts_in_firefox_inusercreatedprofile" tests="1" failures="0" timestamp="23 Sep 2018 10:01:04 GMT" time="0.006" errors="0">
  <testcase name="f" time="0.006" classname="com.durgasoft.selenium.testing.Notification_alerts_in_firefox_inusercreatedprofile"/>
</testsuite> <!-- com.durgasoft.selenium.testing.Notification_alerts_in_firefox_inusercreatedprofile -->
