<?xml version="1.0" encoding="UTF-8"?>
<!-- Generated by org.testng.reporters.JUnitReportReporter -->
<testsuite skipped="0" hostname="Mahesh" name="com.durgasoft.selenium.apachi.poi.Hms_Login_Logout_Excelapi1" tests="1" failures="0" timestamp="04 Oct 2018 16:54:47 GMT" time="48.782" errors="0">
  <testcase name="f" time="48.782" classname="com.durgasoft.selenium.apachi.poi.Hms_Login_Logout_Excelapi1"/>
</testsuite> <!-- com.durgasoft.selenium.apachi.poi.Hms_Login_Logout_Excelapi1 -->
