<?xml version="1.0" encoding="UTF-8"?>
<!-- Generated by org.testng.reporters.JUnitReportReporter -->
<testsuite skipped="0" hostname="Mahesh" name="com.durgasoft.selenium.testing.Autoit_Hms" tests="1" failures="0" timestamp="23 Sep 2018 09:29:23 GMT" time="6.713" errors="0">
  <testcase name="f" time="6.713" classname="com.durgasoft.selenium.testing.Autoit_Hms"/>
</testsuite> <!-- com.durgasoft.selenium.testing.Autoit_Hms -->
