<?xml version="1.0" encoding="UTF-8"?>
<!-- Generated by org.testng.reporters.JUnitReportReporter -->
<testsuite skipped="0" hostname="Mahesh" name="com.durgasoft.selenium.apachi.poi.NewTest" tests="1" failures="0" timestamp="21 Oct 2018 13:15:15 GMT" time="4.104" errors="0">
  <testcase name="f" time="4.104" classname="com.durgasoft.selenium.apachi.poi.NewTest"/>
</testsuite> <!-- com.durgasoft.selenium.apachi.poi.NewTest -->
