<?xml version="1.0" encoding="UTF-8"?>
<!-- Generated by org.testng.reporters.JUnitReportReporter -->
<testsuite skipped="0" hostname="Mahesh" name="com.durgasoft.selenium.apachi.poi.Hms_Login_Logout_Excelapi" tests="1" failures="0" timestamp="03 Oct 2018 16:48:52 GMT" time="2.526" errors="0">
  <testcase name="f" time="2.526" classname="com.durgasoft.selenium.apachi.poi.Hms_Login_Logout_Excelapi"/>
</testsuite> <!-- com.durgasoft.selenium.apachi.poi.Hms_Login_Logout_Excelapi -->
