<?xml version="1.0" encoding="UTF-8"?>
<!-- Generated by org.testng.reporters.JUnitReportReporter -->
<testsuite skipped="0" hostname="Mahesh" name="com.durgasoft.selenium.testing.Notificationsbydefaultfirefoxbrowser" tests="1" failures="0" timestamp="23 Sep 2018 10:12:27 GMT" time="0.008" errors="0">
  <testcase name="f" time="0.008" classname="com.durgasoft.selenium.testing.Notificationsbydefaultfirefoxbrowser"/>
</testsuite> <!-- com.durgasoft.selenium.testing.Notificationsbydefaultfirefoxbrowser -->
