<?xml version="1.0" encoding="UTF-8"?>
<!-- Generated by org.testng.reporters.JUnitReportReporter -->
<testsuite skipped="0" hostname="Mahesh" name="com.durgasoft.selenium.apachi.poi.Mapwithdataprovider" tests="4" failures="0" timestamp="11 Oct 2018 16:37:18 GMT" time="0.008" errors="0">
  <testcase name="test" time="0.000" classname="com.durgasoft.selenium.apachi.poi.Mapwithdataprovider"/>
  <testcase name="test" time="0.000" classname="com.durgasoft.selenium.apachi.poi.Mapwithdataprovider"/>
  <testcase name="test" time="0.000" classname="com.durgasoft.selenium.apachi.poi.Mapwithdataprovider"/>
  <testcase name="test" time="0.008" classname="com.durgasoft.selenium.apachi.poi.Mapwithdataprovider"/>
</testsuite> <!-- com.durgasoft.selenium.apachi.poi.Mapwithdataprovider -->
