<?xml version="1.0" encoding="UTF-8"?>
<!-- Generated by org.testng.reporters.JUnitReportReporter -->
<testsuite skipped="0" hostname="Mahesh" name="com.durgasoft.selenium.selenium_maven.programms" tests="1" failures="0" timestamp="20 Oct 2018 10:49:10 GMT" time="36.439" errors="0">
  <testcase name="f" time="36.439" classname="com.durgasoft.selenium.selenium_maven.programms"/>
</testsuite> <!-- com.durgasoft.selenium.selenium_maven.programms -->
