<?xml version="1.0" encoding="UTF-8"?>
<!-- Generated by org.testng.reporters.JUnitReportReporter -->
<testsuite skipped="0" hostname="Mahesh" name="com.durgasoft.selenium.testing.PrintallRadioBT_Properties" tests="1" failures="0" timestamp="23 Sep 2018 07:16:57 GMT" time="95.931" errors="0">
  <testcase name="f" time="95.931" classname="com.durgasoft.selenium.testing.PrintallRadioBT_Properties"/>
</testsuite> <!-- com.durgasoft.selenium.testing.PrintallRadioBT_Properties -->
