<?xml version="1.0" encoding="UTF-8"?>
<!-- Generated by org.testng.reporters.JUnitReportReporter -->
<testsuite skipped="0" hostname="Mahesh" name="com.durgasoft.selenium.testing.hybrid.checkbox" tests="1" failures="0" timestamp="20 Oct 2018 14:26:11 GMT" time="2.977" errors="0">
  <testcase name="f" time="2.977" classname="com.durgasoft.selenium.testing.hybrid.checkbox"/>
</testsuite> <!-- com.durgasoft.selenium.testing.hybrid.checkbox -->
