<?xml version="1.0" encoding="UTF-8"?>
<!-- Generated by org.testng.reporters.JUnitReportReporter -->
<testsuite skipped="0" hostname="Mahesh" name="com.durgasoft.selenium.testing.BBC_links" tests="1" failures="0" timestamp="22 Sep 2018 14:26:14 GMT" time="117.380" errors="0">
  <testcase name="f" time="117.380" classname="com.durgasoft.selenium.testing.BBC_links"/>
</testsuite> <!-- com.durgasoft.selenium.testing.BBC_links -->
