<?xml version="1.0" encoding="UTF-8"?>
<!-- Generated by org.testng.reporters.JUnitReportReporter -->
<testsuite skipped="0" hostname="Mahesh" name="com.durgasoft.selenium.testing.clicklinks_portionofplace_bing" tests="1" failures="0" timestamp="22 Sep 2018 14:05:35 GMT" time="0.807" errors="0">
  <testcase name="f" time="0.807" classname="com.durgasoft.selenium.testing.clicklinks_portionofplace_bing"/>
</testsuite> <!-- com.durgasoft.selenium.testing.clicklinks_portionofplace_bing -->
