<?xml version="1.0" encoding="UTF-8"?>
<!-- Generated by org.testng.reporters.JUnitReportReporter -->
<testsuite skipped="0" hostname="Mahesh" name="com.durgasoft.selenium.testing.Brokenlinks" tests="1" failures="0" timestamp="22 Sep 2018 15:13:41 GMT" time="14.114" errors="0">
  <testcase name="f" time="14.114" classname="com.durgasoft.selenium.testing.Brokenlinks"/>
</testsuite> <!-- com.durgasoft.selenium.testing.Brokenlinks -->
