<?xml version="1.0" encoding="UTF-8"?>
<!-- Generated by org.testng.reporters.JUnitReportReporter -->
<testsuite skipped="0" hostname="Mahesh" name="com.durgasoft.selenium.testing.Jquery_dropdown" tests="1" failures="0" timestamp="20 Oct 2018 14:31:48 GMT" time="1.040" errors="0">
  <testcase name="f" time="1.040" classname="com.durgasoft.selenium.testing.Jquery_dropdown"/>
</testsuite> <!-- com.durgasoft.selenium.testing.Jquery_dropdown -->
