<?xml version="1.0" encoding="UTF-8"?>
<!-- Generated by org.testng.reporters.JUnitReportReporter -->
<testsuite skipped="0" hostname="Mahesh" name="com.durgasoft.selenium.apachi.poi.AddDataIntoExcelFileByUsingColumnName" tests="1" failures="0" timestamp="02 Oct 2018 12:10:44 GMT" time="1.161" errors="0">
  <testcase name="f" time="1.161" classname="com.durgasoft.selenium.apachi.poi.AddDataIntoExcelFileByUsingColumnName"/>
</testsuite> <!-- com.durgasoft.selenium.apachi.poi.AddDataIntoExcelFileByUsingColumnName -->
