<?xml version="1.0" encoding="UTF-8"?>
<!-- Generated by org.testng.reporters.JUnitReportReporter -->
<testsuite skipped="0" hostname="Mahesh" name="com.durgasoft.selenium.apachi.poi.ReadDataFromExcelFIleByColumnname" tests="1" failures="0" timestamp="30 Sep 2018 10:48:24 GMT" time="0.729" errors="0">
  <testcase name="f" time="0.729" classname="com.durgasoft.selenium.apachi.poi.ReadDataFromExcelFIleByColumnname"/>
</testsuite> <!-- com.durgasoft.selenium.apachi.poi.ReadDataFromExcelFIleByColumnname -->
