<?xml version="1.0" encoding="UTF-8"?>
<!-- Generated by org.testng.reporters.JUnitReportReporter -->
<testsuite skipped="0" hostname="Mahesh" name="com.durgasoft.selenium.testing.Normalscreenshot" tests="1" failures="0" timestamp="23 Sep 2018 12:31:17 GMT" time="1.288" errors="0">
  <testcase name="blindscreenshot" time="1.288" classname="com.durgasoft.selenium.testing.Normalscreenshot"/>
</testsuite> <!-- com.durgasoft.selenium.testing.Normalscreenshot -->
