<?xml version="1.0" encoding="UTF-8"?>
<!-- Generated by org.testng.reporters.JUnitReportReporter -->
<testsuite skipped="0" hostname="Mahesh" name="com.durgasoft.selenium.testing.Hdfc_bootstrap" tests="1" failures="0" timestamp="23 Sep 2018 08:54:10 GMT" time="21.891" errors="0">
  <testcase name="f" time="21.891" classname="com.durgasoft.selenium.testing.Hdfc_bootstrap"/>
</testsuite> <!-- com.durgasoft.selenium.testing.Hdfc_bootstrap -->
