<?xml version="1.0" encoding="UTF-8"?>
<!-- Generated by org.testng.reporters.JUnitReportReporter -->
<testsuite skipped="0" hostname="Mahesh" name="com.durgasoft.selenium.testing.Facebook_login_js" tests="1" failures="0" timestamp="23 Sep 2018 14:17:45 GMT" time="5.813" errors="0">
  <testcase name="f" time="5.813" classname="com.durgasoft.selenium.testing.Facebook_login_js"/>
</testsuite> <!-- com.durgasoft.selenium.testing.Facebook_login_js -->
