<?xml version="1.0" encoding="UTF-8"?>
<!-- Generated by org.testng.reporters.JUnitReportReporter -->
<testsuite skipped="0" hostname="Mahesh" name="com.durgasoft.selenium.testing.Echo_Checkbox_Prop" tests="1" failures="0" timestamp="23 Sep 2018 06:51:31 GMT" time="1.887" errors="0">
  <testcase name="f" time="1.887" classname="com.durgasoft.selenium.testing.Echo_Checkbox_Prop"/>
</testsuite> <!-- com.durgasoft.selenium.testing.Echo_Checkbox_Prop -->
