<?xml version="1.0" encoding="UTF-8"?>
<!-- Generated by org.testng.reporters.JUnitReportReporter -->
<testsuite skipped="0" hostname="Mahesh" name="com.durgasoft.selenium.testing.Bokks_in_amazon" tests="1" failures="0" timestamp="22 Sep 2018 16:18:41 GMT" time="15.404" errors="0">
  <testcase name="f" time="15.404" classname="com.durgasoft.selenium.testing.Bokks_in_amazon"/>
</testsuite> <!-- com.durgasoft.selenium.testing.Bokks_in_amazon -->
