<?xml version="1.0" encoding="UTF-8"?>
<!-- Generated by org.testng.reporters.JUnitReportReporter -->
<testsuite skipped="0" hostname="Mahesh" name="com.durgasoft.selenium.testing.BBc_moreDD" tests="1" failures="0" timestamp="23 Sep 2018 06:30:45 GMT" time="24.847" errors="0">
  <testcase name="f" time="24.847" classname="com.durgasoft.selenium.testing.BBc_moreDD"/>
</testsuite> <!-- com.durgasoft.selenium.testing.BBc_moreDD -->
