<?xml version="1.0" encoding="UTF-8"?>
<!-- Generated by org.testng.reporters.JUnitReportReporter -->
<testsuite skipped="0" hostname="Mahesh" name="com.durgasoft.selenium.testing.hybrid.excel" tests="1" failures="0" timestamp="21 Oct 2018 06:05:33 GMT" time="0.772" errors="0">
  <testcase name="f" time="0.772" classname="com.durgasoft.selenium.testing.hybrid.excel"/>
</testsuite> <!-- com.durgasoft.selenium.testing.hybrid.excel -->
