<?xml version="1.0" encoding="UTF-8"?>
<!-- Generated by org.testng.reporters.JUnitReportReporter -->
<testsuite skipped="0" hostname="Mahesh" name="com.durgasoft.selenium.testing.alllinks_in_hdfc" tests="1" failures="0" timestamp="22 Sep 2018 13:51:07 GMT" time="41.160" errors="0">
  <testcase name="f" time="41.160" classname="com.durgasoft.selenium.testing.alllinks_in_hdfc"/>
</testsuite> <!-- com.durgasoft.selenium.testing.alllinks_in_hdfc -->
