<?xml version="1.0" encoding="UTF-8"?>
<!-- Generated by org.testng.reporters.JUnitReportReporter -->
<testsuite skipped="0" hostname="Mahesh" name="com.durgasoft.selenium.testing.Conditionalbased_screenshot" tests="1" failures="0" timestamp="20 Oct 2018 17:42:31 GMT" time="6.759" errors="0">
  <testcase name="f" time="6.759" classname="com.durgasoft.selenium.testing.Conditionalbased_screenshot"/>
</testsuite> <!-- com.durgasoft.selenium.testing.Conditionalbased_screenshot -->
