<?xml version="1.0" encoding="UTF-8"?>
<!-- Generated by org.testng.reporters.JUnitReportReporter -->
<testsuite skipped="0" hostname="Mahesh" name="com.durgasoft.selenium.testing.Record_hms_application" tests="1" failures="0" timestamp="29 Sep 2018 10:34:58 GMT" time="16.154" errors="0">
  <testcase name="f" time="16.154" classname="com.durgasoft.selenium.testing.Record_hms_application"/>
</testsuite> <!-- com.durgasoft.selenium.testing.Record_hms_application -->
