<?xml version="1.0" encoding="UTF-8"?>
<!-- Generated by org.testng.reporters.JUnitReportReporter -->
<testsuite skipped="0" hostname="Mahesh" name="com.durgasoft.selenium.testing.functionalbasedscreenshot" tests="1" failures="0" timestamp="08 Nov 2018 09:02:48 GMT" time="28.438" errors="0">
  <testcase name="f" time="28.438" classname="com.durgasoft.selenium.testing.functionalbasedscreenshot"/>
</testsuite> <!-- com.durgasoft.selenium.testing.functionalbasedscreenshot -->
