<?xml version="1.0" encoding="UTF-8"?>
<!-- Generated by org.testng.reporters.JUnitReportReporter -->
<testsuite skipped="0" hostname="Mahesh" name="com.durgasoft.selenium.apachi.poi.WriteExcelDataByUsingFontStyle" tests="1" failures="0" timestamp="30 Sep 2018 09:54:45 GMT" time="0.922" errors="0">
  <testcase name="f" time="0.922" classname="com.durgasoft.selenium.apachi.poi.WriteExcelDataByUsingFontStyle"/>
</testsuite> <!-- com.durgasoft.selenium.apachi.poi.WriteExcelDataByUsingFontStyle -->
