<?xml version="1.0" encoding="UTF-8"?>
<!-- Generated by org.testng.reporters.JUnitReportReporter -->
<testsuite skipped="0" hostname="Mahesh" name="com.durgasoft.selenium.testing.resizeobject" tests="1" failures="0" timestamp="21 Sep 2018 17:23:28 GMT" time="0.887" errors="0">
  <testcase name="f" time="0.887" classname="com.durgasoft.selenium.testing.resizeobject"/>
</testsuite> <!-- com.durgasoft.selenium.testing.resizeobject -->
