<?xml version="1.0" encoding="UTF-8"?>
<!-- Generated by org.testng.reporters.JUnitReportReporter -->
<testsuite skipped="0" hostname="Mahesh" name="com.durgasoft.selenium.apachi.poi.ReadExcelDataDriverClass" tests="1" failures="0" timestamp="03 Oct 2018 16:39:34 GMT" time="0.903" errors="0">
  <testcase name="f" time="0.903" classname="com.durgasoft.selenium.apachi.poi.ReadExcelDataDriverClass"/>
</testsuite> <!-- com.durgasoft.selenium.apachi.poi.ReadExcelDataDriverClass -->
