<?xml version="1.0" encoding="UTF-8"?>
<!-- Generated by org.testng.reporters.JUnitReportReporter -->
<testsuite skipped="0" hostname="Mahesh" name="com.durgasoft.selenium.testing.Radiobutton_Properties" tests="1" failures="0" timestamp="23 Sep 2018 07:08:09 GMT" time="6.750" errors="0">
  <testcase name="f" time="6.750" classname="com.durgasoft.selenium.testing.Radiobutton_Properties"/>
</testsuite> <!-- com.durgasoft.selenium.testing.Radiobutton_Properties -->
