<?xml version="1.0" encoding="UTF-8"?>
<!-- Generated by org.testng.reporters.JUnitReportReporter -->
<testsuite skipped="0" hostname="Mahesh" name="com.durgasoft.selenium.testing.GettingDataFrom_getcelldataMethod" tests="1" failures="0" timestamp="03 Oct 2018 11:48:52 GMT" time="0.750" errors="0">
  <testcase name="f" time="0.750" classname="com.durgasoft.selenium.testing.GettingDataFrom_getcelldataMethod"/>
</testsuite> <!-- com.durgasoft.selenium.testing.GettingDataFrom_getcelldataMethod -->
