<?xml version="1.0" encoding="UTF-8"?>
<!-- Generated by org.testng.reporters.JUnitReportReporter -->
<testsuite skipped="0" hostname="Mahesh" name="com.durgasoft.selenium.testing.Passedscreenshot" tests="1" failures="0" timestamp="08 Nov 2018 09:04:00 GMT" time="15.965" errors="0">
  <testcase name="f" time="15.965" classname="com.durgasoft.selenium.testing.Passedscreenshot"/>
</testsuite> <!-- com.durgasoft.selenium.testing.Passedscreenshot -->
