<?xml version="1.0" encoding="UTF-8"?>
<!-- Generated by org.testng.reporters.JUnitReportReporter -->
<testsuite skipped="0" hostname="Mahesh" name="com.durgasoft.selenium.testing.Facebook_dd" tests="1" failures="0" timestamp="22 Sep 2018 14:45:31 GMT" time="10.280" errors="0">
  <testcase name="f" time="10.280" classname="com.durgasoft.selenium.testing.Facebook_dd"/>
</testsuite> <!-- com.durgasoft.selenium.testing.Facebook_dd -->
